<?xml version="1.0" encoding="UTF-8"?>
<testsuite xmlns:xsi="http://www.w3.org/2001/XMLSchema-instance" xsi:noNamespaceSchemaLocation="https://maven.apache.org/surefire/maven-surefire-plugin/xsd/surefire-test-report.xsd" version="3.0.2" name="mate.academy.carsharing.app.CarSharingAppApplicationTests" time="29.229" tests="1" errors="0" skipped="0" failures="0">
  <properties>
[...]
</properties>
  <testcase name="contextLoads" classname="mate.academy.carsharing.app.CarSharingAppApplicationTests" time="1.204">
    <system-out><![CDATA[19:52:57.420 [main] INFO org.springframework.test.context.support.AnnotationConfigContextLoaderUtils -- Could not detect default configuration classes for test class [mate.academy.carsharing.app.CarSharingAppApplicationTests]: CarSharingAppApplicationTests does not declare any static, non-private, non-final, nested classes annotated with @Configuration.
19:52:57.580 [main] INFO org.springframework.boot.test.context.SpringBootTestContextBootstrapper -- Found @SpringBootConfiguration mate.academy.carsharing.app.CarSharingAppApplication for test class mate.academy.carsharing.app.CarSharingAppApplicationTests

  .   ____          _            __ _ _
 /\\ / ___'_ __ _ _(_)_ __  __ _ \ \ \ \
( ( )\___ | '_ | '_| | '_ \/ _` | \ \ \ \
 \\/  ___)| |_)| | | | | || (_| |  ) ) ) )
  '  |____| .__|_| |_|_| |_\__, | / / / /
 =========|_|==============|___/=/_/_/_/

 :: Spring Boot ::                (v3.5.0)

2025-08-12T19:52:58.463+03:00  INFO 19084 --- [           main] m.a.c.app.CarSharingAppApplicationTests  : Starting CarSharingAppApplicationTests using Java 17.0.10 with PID 19084 (started by svit7 in C:\My projects\IdeaProjects\car-sharing-app)
2025-08-12T19:52:58.465+03:00  INFO 19084 --- [           main] m.a.c.app.CarSharingAppApplicationTests  : The following 1 profile is active: "test"
2025-08-12T19:52:59.853+03:00  INFO 19084 --- [           main] o.s.b.f.s.DefaultListableBeanFactory     : Overriding bean definition for bean 'restTemplate' with a different definition: replacing [Root bean: class=null; scope=; abstract=false; lazyInit=null; autowireMode=3; dependencyCheck=0; autowireCandidate=true; primary=false; fallback=false; factoryBeanName=testTelegramConfig; factoryMethodName=restTemplate; initMethodNames=null; destroyMethodNames=[(inferred)]; defined in class path resource [mate/academy/carsharing/app/config/TestTelegramConfig.class]] with [Root bean: class=null; scope=; abstract=false; lazyInit=null; autowireMode=3; dependencyCheck=0; autowireCandidate=true; primary=false; fallback=false; factoryBeanName=restTemplateConfig; factoryMethodName=restTemplate; initMethodNames=null; destroyMethodNames=[(inferred)]; defined in class path resource [mate/academy/carsharing/app/mapper/RestTemplateConfig.class]]
2025-08-12T19:53:00.242+03:00  INFO 19084 --- [           main] .s.d.r.c.RepositoryConfigurationDelegate : Bootstrapping Spring Data JPA repositories in DEFAULT mode.
2025-08-12T19:53:00.369+03:00  INFO 19084 --- [           main] .s.d.r.c.RepositoryConfigurationDelegate : Finished Spring Data repository scanning in 113 ms. Found 5 JPA repository interfaces.
2025-08-12T19:53:01.277+03:00  INFO 19084 --- [           main] com.zaxxer.hikari.HikariDataSource       : HikariPool-1 - Starting...
2025-08-12T19:53:01.464+03:00  INFO 19084 --- [           main] o.t.utility.ImageNameSubstitutor         : Image name substitution will be performed by: DefaultImageNameSubstitutor (composite of 'ConfigurationFileImageNameSubstitutor' and 'PrefixingImageNameSubstitutor')
2025-08-12T19:53:01.724+03:00  INFO 19084 --- [           main] o.t.d.DockerClientProviderStrategy       : Loaded org.testcontainers.dockerclient.NpipeSocketClientProviderStrategy from ~/.testcontainers.properties, will try it first
2025-08-12T19:53:02.227+03:00  INFO 19084 --- [           main] o.t.d.DockerClientProviderStrategy       : Found Docker environment with local Npipe socket (npipe:////./pipe/docker_engine)
2025-08-12T19:53:02.230+03:00  INFO 19084 --- [           main] org.testcontainers.DockerClientFactory   : Docker host IP address is localhost
2025-08-12T19:53:02.254+03:00  INFO 19084 --- [           main] org.testcontainers.DockerClientFactory   : Connected to docker: 
  Server Version: 28.0.4
  API Version: 1.48
  Operating System: Docker Desktop
  Total Memory: 7797 MB
2025-08-12T19:53:02.406+03:00  INFO 19084 --- [           main] tc.testcontainers/ryuk:0.4.0             : Creating container for image: testcontainers/ryuk:0.4.0
2025-08-12T19:53:02.624+03:00  INFO 19084 --- [           main] tc.testcontainers/ryuk:0.4.0             : Container testcontainers/ryuk:0.4.0 is starting: 296ab824fadc806d12f75724218e96bd456c6aea17a72422d89da0d417febd1a
2025-08-12T19:53:03.199+03:00  INFO 19084 --- [           main] tc.testcontainers/ryuk:0.4.0             : Container testcontainers/ryuk:0.4.0 started in PT0.9336108S
2025-08-12T19:53:03.211+03:00  INFO 19084 --- [           main] o.t.utility.RyukResourceReaper           : Ryuk started - will monitor and terminate Testcontainers containers on JVM exit
2025-08-12T19:53:03.211+03:00  INFO 19084 --- [           main] org.testcontainers.DockerClientFactory   : Checking the system...
2025-08-12T19:53:03.212+03:00  INFO 19084 --- [           main] org.testcontainers.DockerClientFactory   : ?? Docker server version should be at least 1.6.0
2025-08-12T19:53:03.217+03:00  INFO 19084 --- [           main] tc.mysql:8.0.36                          : Creating container for image: mysql:8.0.36
2025-08-12T19:53:03.447+03:00  INFO 19084 --- [           main] tc.mysql:8.0.36                          : Container mysql:8.0.36 is starting: 0d0e94a9cc25a6b81e73907c32934eddc8b88b3a06a61a669f97b2a0293d2ce1
2025-08-12T19:53:03.930+03:00  INFO 19084 --- [           main] tc.mysql:8.0.36                          : Waiting for database connection to become available at jdbc:mysql://localhost:49682/test using query 'SELECT 1'
2025-08-12T19:53:18.626+03:00  INFO 19084 --- [           main] tc.mysql:8.0.36                          : Container mysql:8.0.36 started in PT15.4091389S
2025-08-12T19:53:18.626+03:00  INFO 19084 --- [           main] tc.mysql:8.0.36                          : Container is started (JDBC URL: jdbc:mysql://localhost:49682/test)
2025-08-12T19:53:18.653+03:00  INFO 19084 --- [           main] com.zaxxer.hikari.pool.HikariPool        : HikariPool-1 - Added connection org.testcontainers.jdbc.ConnectionWrapper@309e3f34
2025-08-12T19:53:18.656+03:00  INFO 19084 --- [           main] com.zaxxer.hikari.HikariDataSource       : HikariPool-1 - Start completed.
2025-08-12T19:53:19.615+03:00  INFO 19084 --- [           main] liquibase.lockservice                    : Successfully acquired change log lock
2025-08-12T19:53:19.747+03:00  INFO 19084 --- [           main] liquibase.changelog                      : Creating database history table with name: test.DATABASECHANGELOG
2025-08-12T19:53:19.793+03:00  INFO 19084 --- [           main] liquibase.changelog                      : Reading from test.DATABASECHANGELOG
2025-08-12T19:53:19.893+03:00  INFO 19084 --- [           main] liquibase.command                        : Using deploymentId: 5017599805
2025-08-12T19:53:19.909+03:00  INFO 19084 --- [           main] liquibase.changelog                      : Reading from test.DATABASECHANGELOG
Running Changeset: db/changelog/changes/01-create-users-table.yaml::create-users-table::root
2025-08-12T19:53:19.994+03:00  INFO 19084 --- [           main] liquibase.changelog                      : Table users created
2025-08-12T19:53:19.996+03:00  INFO 19084 --- [           main] liquibase.changelog                      : ChangeSet db/changelog/changes/01-create-users-table.yaml::create-users-table::root ran successfully in 50ms
Running Changeset: db/changelog/changes/02-create-cars-table.yaml::create-cars-table::root
2025-08-12T19:53:20.057+03:00  INFO 19084 --- [           main] liquibase.changelog                      : Table cars created
2025-08-12T19:53:20.059+03:00  INFO 19084 --- [           main] liquibase.changelog                      : ChangeSet db/changelog/changes/02-create-cars-table.yaml::create-cars-table::root ran successfully in 45ms
Running Changeset: db/changelog/changes/03-insert-manager-to-users-table.yaml::insert-manager-to-users-table::root
2025-08-12T19:53:20.084+03:00  INFO 19084 --- [           main] liquibase.changelog                      : New row inserted into users
2025-08-12T19:53:20.093+03:00  INFO 19084 --- [           main] liquibase.changelog                      : ChangeSet db/changelog/changes/03-insert-manager-to-users-table.yaml::insert-manager-to-users-table::root ran successfully in 18ms
Running Changeset: db/changelog/changes/04-create-rentals-table.yaml::create-rentals-table::root
2025-08-12T19:53:20.149+03:00  INFO 19084 --- [           main] liquibase.changelog                      : Table rentals created
2025-08-12T19:53:20.151+03:00  INFO 19084 --- [           main] liquibase.changelog                      : ChangeSet db/changelog/changes/04-create-rentals-table.yaml::create-rentals-table::root ran successfully in 40ms
Running Changeset: db/changelog/changes/05-create-payments-table.yaml::create-payments-table::root
2025-08-12T19:53:20.203+03:00  INFO 19084 --- [           main] liquibase.changelog                      : Table payments created
2025-08-12T19:53:20.206+03:00  INFO 19084 --- [           main] liquibase.changelog                      : ChangeSet db/changelog/changes/05-create-payments-table.yaml::create-payments-table::root ran successfully in 43ms
Running Changeset: db/changelog/changes/06-create-roles-table.yaml::create-roles-table::root
2025-08-12T19:53:20.271+03:00  INFO 19084 --- [           main] liquibase.changelog                      : Table roles created
2025-08-12T19:53:20.273+03:00  INFO 19084 --- [           main] liquibase.changelog                      : ChangeSet db/changelog/changes/06-create-roles-table.yaml::create-roles-table::root ran successfully in 53ms
Running Changeset: db/changelog/changes/07-insert-enum-roles-to-roles-table.yaml::insert-enum-roles-to-roles-table::root
2025-08-12T19:53:20.292+03:00  INFO 19084 --- [           main] liquibase.changelog                      : New row inserted into roles
2025-08-12T19:53:20.297+03:00  INFO 19084 --- [           main] liquibase.changelog                      : New row inserted into roles
2025-08-12T19:53:20.310+03:00  INFO 19084 --- [           main] liquibase.changelog                      : ChangeSet db/changelog/changes/07-insert-enum-roles-to-roles-table.yaml::insert-enum-roles-to-roles-table::root ran successfully in 26ms
Running Changeset: db/changelog/changes/08-create-users_roles-table.yaml::create-users_roles-table::root
2025-08-12T19:53:20.379+03:00  INFO 19084 --- [           main] liquibase.changelog                      : Table users_roles created
2025-08-12T19:53:20.465+03:00  INFO 19084 --- [           main] liquibase.changelog                      : Foreign key constraint added to users_roles (user_id)
2025-08-12T19:53:20.558+03:00  INFO 19084 --- [           main] liquibase.changelog                      : Foreign key constraint added to users_roles (role_id)
2025-08-12T19:53:20.560+03:00  INFO 19084 --- [           main] liquibase.changelog                      : ChangeSet db/changelog/changes/08-create-users_roles-table.yaml::create-users_roles-table::root ran successfully in 234ms
Running Changeset: db/changelog/changes/09-insert-admin-to-users_roles-table.yaml::insert-admin-to-users_roles-table::root
2025-08-12T19:53:20.583+03:00  INFO 19084 --- [           main] liquibase.changelog                      : New row inserted into users_roles
2025-08-12T19:53:20.592+03:00  INFO 19084 --- [           main] liquibase.changelog                      : ChangeSet db/changelog/changes/09-insert-admin-to-users_roles-table.yaml::insert-admin-to-users_roles-table::root ran successfully in 15ms
2025-08-12T19:53:20.608+03:00  INFO 19084 --- [           main] liquibase.util                           : UPDATE SUMMARY
2025-08-12T19:53:20.609+03:00  INFO 19084 --- [           main] liquibase.util                           : Run:                          9
2025-08-12T19:53:20.609+03:00  INFO 19084 --- [           main] liquibase.util                           : Previously run:               0
2025-08-12T19:53:20.609+03:00  INFO 19084 --- [           main] liquibase.util                           : Filtered out:                 0
2025-08-12T19:53:20.609+03:00  INFO 19084 --- [           main] liquibase.util                           : -------------------------------
2025-08-12T19:53:20.609+03:00  INFO 19084 --- [           main] liquibase.util                           : Total change sets:            9


UPDATE SUMMARY
Run:                          9
Previously run:               0
Filtered out:                 0
-------------------------------
Total change sets:            9

2025-08-12T19:53:20.610+03:00  INFO 19084 --- [           main] liquibase.util                           : Update summary generated
2025-08-12T19:53:20.611+03:00  INFO 19084 --- [           main] liquibase.command                        : Update command completed successfully.
Liquibase: Update has been successful.
2025-08-12T19:53:20.627+03:00  INFO 19084 --- [           main] liquibase.lockservice                    : Successfully released change log lock
2025-08-12T19:53:20.636+03:00  INFO 19084 --- [           main] liquibase.lockservice                    : Successfully released change log lock
2025-08-12T19:53:20.639+03:00  INFO 19084 --- [           main] liquibase.command                        : Command execution complete
2025-08-12T19:53:20.818+03:00  INFO 19084 --- [           main] o.hibernate.jpa.internal.util.LogHelper  : HHH000204: Processing PersistenceUnitInfo [name: default]
2025-08-12T19:53:20.918+03:00  INFO 19084 --- [           main] org.hibernate.Version                    : HHH000412: Hibernate ORM core version 6.6.15.Final
2025-08-12T19:53:20.996+03:00  INFO 19084 --- [           main] o.h.c.internal.RegionFactoryInitiator    : HHH000026: Second-level cache disabled
2025-08-12T19:53:21.451+03:00  INFO 19084 --- [           main] o.s.o.j.p.SpringPersistenceUnitInfo      : No LoadTimeWeaver setup: ignoring JPA class transformer
2025-08-12T19:53:21.529+03:00  INFO 19084 --- [           main] org.hibernate.orm.connections.pooling    : HHH10001005: Database info:
	Database JDBC URL [Connecting through datasource 'HikariDataSource (HikariPool-1)']
	Database driver: undefined/unknown
	Database version: 8.0.36
	Autocommit mode: undefined/unknown
	Isolation level: undefined/unknown
	Minimum pool size: undefined/unknown
	Maximum pool size: undefined/unknown
2025-08-12T19:53:22.754+03:00  INFO 19084 --- [           main] o.h.e.t.j.p.i.JtaPlatformInitiator       : HHH000489: No JTA platform available (set 'hibernate.transaction.jta.platform' to enable JTA platform integration)
2025-08-12T19:53:22.757+03:00  INFO 19084 --- [           main] j.LocalContainerEntityManagerFactoryBean : Initialized JPA EntityManagerFactory for persistence unit 'default'
2025-08-12T19:53:23.383+03:00  INFO 19084 --- [           main] r$InitializeUserDetailsManagerConfigurer : Global AuthenticationManager configured with UserDetailsService bean with name customUserDetailService
2025-08-12T19:53:23.927+03:00  WARN 19084 --- [           main] JpaBaseConfiguration$JpaWebConfiguration : spring.jpa.open-in-view is enabled by default. Therefore, database queries may be performed during view rendering. Explicitly configure spring.jpa.open-in-view to disable this warning
2025-08-12T19:53:25.187+03:00  INFO 19084 --- [           main] m.a.c.app.CarSharingAppApplicationTests  : Started CarSharingAppApplicationTests in 27.337 seconds (process running for 29.566)
]]></system-out>
  </testcase>
</testsuite>