<?xml version="1.0" encoding="UTF-8"?>
<testsuite xmlns:xsi="http://www.w3.org/2001/XMLSchema-instance" xsi:noNamespaceSchemaLocation="https://maven.apache.org/surefire/maven-surefire-plugin/xsd/surefire-test-report.xsd" version="3.0.2" name="mate.academy.carsharing.app.controller.RentalControllerTest" time="4.666" tests="4" errors="0" skipped="0" failures="0">
  <properties>
[...]
</properties>
  <testcase name="closeRental_shouldReturnActualReturnDate" classname="mate.academy.carsharing.app.controller.RentalControllerTest" time="1.766">
    <system-out><![CDATA[2025-08-12T19:53:41.388+03:00  INFO 19084 --- [           main] t.c.s.AnnotationConfigContextLoaderUtils : Could not detect default configuration classes for test class [mate.academy.carsharing.app.controller.RentalControllerTest]: RentalControllerTest does not declare any static, non-private, non-final, nested classes annotated with @Configuration.
2025-08-12T19:53:41.394+03:00  INFO 19084 --- [           main] .b.t.c.SpringBootTestContextBootstrapper : Found @SpringBootConfiguration mate.academy.carsharing.app.CarSharingAppApplication for test class mate.academy.carsharing.app.controller.RentalControllerTest
2025-08-12T19:53:42.730+03:00  INFO 19084 --- [           main] m.a.c.a.service.impl.RentalServiceImpl   : Can't send the notification to user by id 2
]]></system-out>
  </testcase>
  <testcase name="getRentalById_shouldReturnRental" classname="mate.academy.carsharing.app.controller.RentalControllerTest" time="1.319"/>
  <testcase name="getAllActiveRentals_shouldReturnPage" classname="mate.academy.carsharing.app.controller.RentalControllerTest" time="0.714"/>
  <testcase name="createRental_shouldReturnCreatedRental" classname="mate.academy.carsharing.app.controller.RentalControllerTest" time="0.847">
    <system-out><![CDATA[2025-08-12T19:53:45.666+03:00  INFO 19084 --- [           main] m.a.c.a.service.impl.RentalServiceImpl   : Can't send the notification to user by id 3
]]></system-out>
  </testcase>
</testsuite>